2023/05/24 10:42:29, Reading Line:100000
2023/05/24 10:42:30, Reading Line:200000
2023/05/24 10:42:30, Reading Line:300000
2023/05/24 10:42:30, Reading Line:400000
2023/05/24 10:42:31, Reading Line:500000
2023/05/24 10:42:31, Reading Line:600000
2023/05/24 10:42:31, Reading Line:700000
2023/05/24 10:42:31, Reading Line:800000
2023/05/24 10:42:32, Write:..\..\..\160113-11log\log\japan_20160113200000-20160113215959.temp.ais2
2023/05/24 10:42:32, OutFile:..\..\..\160113-11log\log\japan_20160113200000-20160113215959.ais2
2023/05/24 10:42:32, ErrFile:..\..\..\160113-11log\log\japan_20160113200000-20160113215959.ais2err
2023/05/24 10:42:33, Writing Line:100000
2023/05/24 10:42:33, Writing Line:200000
2023/05/24 10:42:34, Writing Line:300000
2023/05/24 10:42:34, Writing Line:400000
2023/05/24 10:42:34, Writing Line:500000
2023/05/24 10:42:35, Writing Line:600000
2023/05/24 10:42:35, Writing Line:700000
2023/05/24 10:42:36, Writing Line:800000
2023/05/24 10:42:36, Delete:..\..\..\160113-11log\log\japan_20160113200000-20160113215959.temp.ais2
2023/05/24 10:42:36, Main Finished
